2021-05-17 14:26:36,633 DEBUG Microsoft.AspNetCore.Hosting.Diagnostics.Starting [0] - MESSAGE: Hosting starting
 2021-05-17 14:26:37,562  INFO Microsoft.AspNetCore.DataProtection.KeyManagement.XmlKeyManager.? [?] - MESSAGE: User profile is available. Using 'C:\Users\ethiraj\AppData\Local\ASP.NET\DataProtection-Keys' as key repository and Windows DPAPI to encrypt keys at rest.
 2021-05-17 14:26:37,592 DEBUG Microsoft.AspNetCore.DataProtection.Repositories.FileSystemXmlRepository.? [?] - MESSAGE: Reading data from file 'C:\Users\ethiraj\AppData\Local\ASP.NET\DataProtection-Keys\key-2f2924a3-6b36-43c8-a0b7-009a8ec249a5.xml'.
 2021-05-17 14:26:37,627 DEBUG Microsoft.AspNetCore.DataProtection.Repositories.FileSystemXmlRepository.? [?] - MESSAGE: Reading data from file 'C:\Users\ethiraj\AppData\Local\ASP.NET\DataProtection-Keys\key-3ab980bc-fa62-4a4d-aa8a-c20d27e187a0.xml'.
 2021-05-17 14:26:37,673 DEBUG Microsoft.AspNetCore.DataProtection.KeyManagement.XmlKeyManager.? [?] - MESSAGE: Found key {2f2924a3-6b36-43c8-a0b7-009a8ec249a5}.
 2021-05-17 14:26:37,687 DEBUG Microsoft.AspNetCore.DataProtection.KeyManagement.XmlKeyManager.? [?] - MESSAGE: Found key {3ab980bc-fa62-4a4d-aa8a-c20d27e187a0}.
 2021-05-17 14:26:37,712 DEBUG Microsoft.AspNetCore.DataProtection.KeyManagement.DefaultKeyResolver.? [?] - MESSAGE: Considering key {2f2924a3-6b36-43c8-a0b7-009a8ec249a5} with expiration date 2021-05-30 10:47:49Z as default key.
 2021-05-17 14:26:37,774 DEBUG Microsoft.AspNetCore.DataProtection.TypeForwardingActivator.CreateInstance [0] - MESSAGE: Forwarded activator type request from Microsoft.AspNetCore.DataProtection.XmlEncryption.DpapiXmlDecryptor, Microsoft.AspNetCore.DataProtection, Version=2.0.0.0, Culture=neutral, PublicKeyToken=adb9793829ddae60 to Microsoft.AspNetCore.DataProtection.XmlEncryption.DpapiXmlDecryptor, Microsoft.AspNetCore.DataProtection, Culture=neutral, PublicKeyToken=adb9793829ddae60
 2021-05-17 14:26:37,783 DEBUG Microsoft.AspNetCore.DataProtection.XmlEncryption.DpapiXmlDecryptor.? [?] - MESSAGE: Decrypting secret element using Windows DPAPI.
 2021-05-17 14:26:37,790 DEBUG Microsoft.AspNetCore.DataProtection.TypeForwardingActivator.CreateInstance [0] - MESSAGE: Forwarded activator type request from Microsoft.AspNetCore.DataProtection.AuthenticatedEncryption.ConfigurationModel.AuthenticatedEncryptorDescriptorDeserializer, Microsoft.AspNetCore.DataProtection, Version=2.0.0.0, Culture=neutral, PublicKeyToken=adb9793829ddae60 to Microsoft.AspNetCore.DataProtection.AuthenticatedEncryption.ConfigurationModel.AuthenticatedEncryptorDescriptorDeserializer, Microsoft.AspNetCore.DataProtection, Culture=neutral, PublicKeyToken=adb9793829ddae60
 2021-05-17 14:26:37,802 DEBUG Microsoft.AspNetCore.DataProtection.AuthenticatedEncryption.CngCbcAuthenticatedEncryptorFactory.? [?] - MESSAGE: Opening CNG algorithm 'AES' from provider '(null)' with chaining mode CBC.
 2021-05-17 14:26:37,811 DEBUG Microsoft.AspNetCore.DataProtection.AuthenticatedEncryption.CngCbcAuthenticatedEncryptorFactory.? [?] - MESSAGE: Opening CNG algorithm 'SHA256' from provider '(null)' with HMAC.
 2021-05-17 14:26:37,824 DEBUG Microsoft.AspNetCore.DataProtection.KeyManagement.KeyRingProvider.? [?] - MESSAGE: Using key {2f2924a3-6b36-43c8-a0b7-009a8ec249a5} as the default key.
 2021-05-17 14:26:37,829 DEBUG Microsoft.AspNetCore.DataProtection.Internal.DataProtectionHostedService.? [?] - MESSAGE: Key ring with default key {2f2924a3-6b36-43c8-a0b7-009a8ec249a5} was loaded during application startup.
 2021-05-17 14:26:37,840 DEBUG Microsoft.AspNetCore.Hosting.Diagnostics.Started [0] - MESSAGE: Hosting started
 2021-05-17 14:26:37,845 DEBUG Microsoft.AspNetCore.Hosting.Diagnostics.MoveNext [0] - MESSAGE: Loaded hosting startup assembly DNSAPI
 2021-05-17 14:26:37,955  INFO Microsoft.AspNetCore.Hosting.Diagnostics.? [?] - MESSAGE: Request starting HTTP/1.1 GET http://localhost:53264/swagger/index.html  
 2021-05-17 14:26:37,965 DEBUG Microsoft.AspNetCore.HostFiltering.HostFilteringMiddleware.? [?] - MESSAGE: Wildcard detected, all requests with hosts will be allowed.
 2021-05-17 14:26:37,973 TRACE Microsoft.AspNetCore.HostFiltering.HostFilteringMiddleware.? [?] - MESSAGE: All hosts are allowed.
 2021-05-17 14:26:38,000  WARN Microsoft.AspNetCore.HttpsPolicy.HttpsRedirectionMiddleware.? [?] - MESSAGE: Failed to determine the https port for redirect.
 2021-05-17 14:26:38,075 DEBUG Microsoft.AspNetCore.Routing.Matching.DfaMatcher.? [?] - MESSAGE: No candidates found for the request path '/swagger/index.html'
 2021-05-17 14:26:38,081 DEBUG Microsoft.AspNetCore.Routing.EndpointRoutingMiddleware.? [?] - MESSAGE: Request did not match any endpoints
 2021-05-17 14:26:38,235  INFO Microsoft.AspNetCore.Hosting.Diagnostics.? [?] - MESSAGE: Request finished in 282.1411ms 200 text/html;charset=utf-8
 2021-05-17 14:26:38,414  INFO Microsoft.AspNetCore.Hosting.Diagnostics.? [?] - MESSAGE: Request starting HTTP/1.1 GET http://localhost:53264/swagger/v1/swagger.json  
 2021-05-17 14:26:38,418 TRACE Microsoft.AspNetCore.HostFiltering.HostFilteringMiddleware.? [?] - MESSAGE: All hosts are allowed.
 2021-05-17 14:26:38,425 DEBUG Microsoft.AspNetCore.Routing.Matching.DfaMatcher.? [?] - MESSAGE: No candidates found for the request path '/swagger/v1/swagger.json'
 2021-05-17 14:26:38,434 DEBUG Microsoft.AspNetCore.Routing.EndpointRoutingMiddleware.? [?] - MESSAGE: Request did not match any endpoints
 2021-05-17 14:26:38,885  INFO Microsoft.AspNetCore.Hosting.Diagnostics.? [?] - MESSAGE: Request finished in 466.0762ms 200 application/json;charset=utf-8
 2021-05-17 14:26:48,511  INFO Microsoft.AspNetCore.Hosting.Diagnostics.? [?] - MESSAGE: Request starting HTTP/1.1 GET http://localhost:53264/api/getmemdetails?Id=1  
 2021-05-17 14:26:48,517 TRACE Microsoft.AspNetCore.HostFiltering.HostFilteringMiddleware.? [?] - MESSAGE: All hosts are allowed.
 2021-05-17 14:26:48,536 DEBUG Microsoft.AspNetCore.Routing.Matching.DfaMatcher.? [?] - MESSAGE: 1 candidate(s) found for the request path '/api/getmemdetails'
 2021-05-17 14:26:48,547 DEBUG Microsoft.AspNetCore.Routing.Matching.DfaMatcher.? [?] - MESSAGE: Endpoint 'DNSAPI.Controllers.MemberDetailsController.Memberdetails (DNSAPI)' with route pattern 'api/getmemdetails' is valid for the request path '/api/getmemdetails'
 2021-05-17 14:26:48,555 DEBUG Microsoft.AspNetCore.Routing.EndpointRoutingMiddleware.? [?] - MESSAGE: Request matched endpoint 'DNSAPI.Controllers.MemberDetailsController.Memberdetails (DNSAPI)'
 2021-05-17 14:26:48,564  INFO Microsoft.AspNetCore.Routing.EndpointMiddleware.? [?] - MESSAGE: Executing endpoint 'DNSAPI.Controllers.MemberDetailsController.Memberdetails (DNSAPI)'
 2021-05-17 14:26:48,592 DEBUG Microsoft.AspNetCore.Mvc.ModelBinding.ModelBinderFactory.? [?] - MESSAGE: Registered model binder providers, in the following order: Microsoft.AspNetCore.Mvc.ModelBinding.Binders.BinderTypeModelBinderProvider, Microsoft.AspNetCore.Mvc.ModelBinding.Binders.ServicesModelBinderProvider, Microsoft.AspNetCore.Mvc.ModelBinding.Binders.BodyModelBinderProvider, Microsoft.AspNetCore.Mvc.ModelBinding.Binders.HeaderModelBinderProvider, Microsoft.AspNetCore.Mvc.ModelBinding.Binders.FloatingPointTypeModelBinderProvider, Microsoft.AspNetCore.Mvc.ModelBinding.Binders.EnumTypeModelBinderProvider, Microsoft.AspNetCore.Mvc.ModelBinding.Binders.SimpleTypeModelBinderProvider, Microsoft.AspNetCore.Mvc.ModelBinding.Binders.CancellationTokenModelBinderProvider, Microsoft.AspNetCore.Mvc.ModelBinding.Binders.ByteArrayModelBinderProvider, Microsoft.AspNetCore.Mvc.ModelBinding.Binders.FormFileModelBinderProvider, Microsoft.AspNetCore.Mvc.ModelBinding.Binders.FormCollectionModelBinderProvider, Microsoft.AspNetCore.Mvc.ModelBinding.Binders.KeyValuePairModelBinderProvider, Microsoft.AspNetCore.Mvc.ModelBinding.Binders.DictionaryModelBinderProvider, Microsoft.AspNetCore.Mvc.ModelBinding.Binders.ArrayModelBinderProvider, Microsoft.AspNetCore.Mvc.ModelBinding.Binders.CollectionModelBinderProvider, Microsoft.AspNetCore.Mvc.ModelBinding.Binders.ComplexTypeModelBinderProvider
 2021-05-17 14:26:48,687  INFO Microsoft.AspNetCore.Mvc.Infrastructure.ControllerActionInvoker.? [?] - MESSAGE: Route matched with {action = "Memberdetails", controller = "MemberDetails"}. Executing controller action with signature System.Threading.Tasks.Task`1[Microsoft.AspNetCore.Mvc.IActionResult] Memberdetails(System.String) on controller DNSAPI.Controllers.MemberDetailsController (DNSAPI).
 2021-05-17 14:26:48,694 DEBUG Microsoft.AspNetCore.Mvc.Infrastructure.ControllerActionInvoker.? [?] - MESSAGE: Execution plan of authorization filters (in the following order): None
 2021-05-17 14:26:48,700 DEBUG Microsoft.AspNetCore.Mvc.Infrastructure.ControllerActionInvoker.? [?] - MESSAGE: Execution plan of resource filters (in the following order): None
 2021-05-17 14:26:48,707 DEBUG Microsoft.AspNetCore.Mvc.Infrastructure.ControllerActionInvoker.? [?] - MESSAGE: Execution plan of action filters (in the following order): Microsoft.AspNetCore.Mvc.Filters.ControllerActionFilter (Order: -2147483648), Microsoft.AspNetCore.Mvc.ModelBinding.UnsupportedContentTypeFilter (Order: -3000)
 2021-05-17 14:26:48,713 DEBUG Microsoft.AspNetCore.Mvc.Infrastructure.ControllerActionInvoker.? [?] - MESSAGE: Execution plan of exception filters (in the following order): None
 2021-05-17 14:26:48,719 DEBUG Microsoft.AspNetCore.Mvc.Infrastructure.ControllerActionInvoker.? [?] - MESSAGE: Execution plan of result filters (in the following order): Microsoft.AspNetCore.Mvc.ProducesAttribute (Order: 0)
 2021-05-17 14:26:48,728 DEBUG Microsoft.AspNetCore.Mvc.Infrastructure.ControllerActionInvoker.? [?] - MESSAGE: Executing controller factory for controller DNSAPI.Controllers.MemberDetailsController (DNSAPI)
 2021-05-17 14:26:48,736 DEBUG Microsoft.AspNetCore.Mvc.Infrastructure.ControllerActionInvoker.? [?] - MESSAGE: Executed controller factory for controller DNSAPI.Controllers.MemberDetailsController (DNSAPI)
 2021-05-17 14:26:48,757 DEBUG Microsoft.AspNetCore.Mvc.ModelBinding.ParameterBinder.? [?] - MESSAGE: Attempting to bind parameter 'Id' of type 'System.String' ...
 2021-05-17 14:26:48,772 DEBUG Microsoft.AspNetCore.Mvc.ModelBinding.Binders.SimpleTypeModelBinder.? [?] - MESSAGE: Attempting to bind parameter 'Id' of type 'System.String' using the name 'Id' in request data ...
 2021-05-17 14:26:48,778 DEBUG Microsoft.AspNetCore.Mvc.ModelBinding.Binders.SimpleTypeModelBinder.? [?] - MESSAGE: Done attempting to bind parameter 'Id' of type 'System.String'.
 2021-05-17 14:26:48,784 DEBUG Microsoft.AspNetCore.Mvc.ModelBinding.ParameterBinder.? [?] - MESSAGE: Done attempting to bind parameter 'Id' of type 'System.String'.
 2021-05-17 14:26:48,790 DEBUG Microsoft.AspNetCore.Mvc.ModelBinding.ParameterBinder.? [?] - MESSAGE: Attempting to validate the bound parameter 'Id' of type 'System.String' ...
 2021-05-17 14:26:48,799 DEBUG Microsoft.AspNetCore.Mvc.ModelBinding.ParameterBinder.? [?] - MESSAGE: Done attempting to validate the bound parameter 'Id' of type 'System.String'.
 2021-05-17 14:26:48,809 TRACE Microsoft.AspNetCore.Mvc.Infrastructure.ControllerActionInvoker.? [?] - MESSAGE: Action Filter: Before executing OnActionExecutionAsync on filter Microsoft.AspNetCore.Mvc.Filters.ControllerActionFilter.
 2021-05-17 14:26:48,815 TRACE Microsoft.AspNetCore.Mvc.Infrastructure.ControllerActionInvoker.? [?] - MESSAGE: Action Filter: Before executing OnActionExecuting on filter Microsoft.AspNetCore.Mvc.ModelBinding.UnsupportedContentTypeFilter.
 2021-05-17 14:26:48,822 TRACE Microsoft.AspNetCore.Mvc.Infrastructure.ControllerActionInvoker.? [?] - MESSAGE: Action Filter: After executing OnActionExecuting on filter Microsoft.AspNetCore.Mvc.ModelBinding.UnsupportedContentTypeFilter.
 2021-05-17 14:26:48,841  INFO Microsoft.AspNetCore.Mvc.Infrastructure.ControllerActionInvoker.? [?] - MESSAGE: Executing action method DNSAPI.Controllers.MemberDetailsController.Memberdetails (DNSAPI) - Validation state: Valid
 2021-05-17 14:26:48,849 TRACE Microsoft.AspNetCore.Mvc.Infrastructure.ControllerActionInvoker.? [?] - MESSAGE: Executing action method DNSAPI.Controllers.MemberDetailsController.Memberdetails (DNSAPI) with arguments (1)
 2021-05-17 14:27:12,237 ERROR DNSAPI.Controllers.MemberDetailsController.MoveNext [35] - MESSAGE: Memberdetails 5/17/2021 2:27:12 PM Error : A network-related or instance-specific error occurred while establishing a connection to SQL Server. The server was not found or was not accessible. Verify that the instance name is correct and that SQL Server is configured to allow remote connections. (provider: TCP Provider, error: 0 - A connection attempt failed because the connected party did not properly respond after a period of time, or established connection failed because connected host has failed to respond.)  #####     at DNSAPI.Service.Class.MemDetailsService.GetmemDetails(String Id) in D:\CodeSpace\DNSAPI\Service\Class\MemDetailsService.cs:line 29
   at DNSAPI.Controllers.MemberDetailsController.Memberdetails(String Id) in D:\CodeSpace\DNSAPI\DNSAPI\Controllers\MemberDetailsController.cs:line 35  #####  System.ComponentModel.Win32Exception (10060): A connection attempt failed because the connected party did not properly respond after a period of time, or established connection failed because connected host has failed to respond.
 2021-05-17 14:27:12,267  INFO Microsoft.AspNetCore.Mvc.Infrastructure.ControllerActionInvoker.? [?] - MESSAGE: Executed action method DNSAPI.Controllers.MemberDetailsController.Memberdetails (DNSAPI), returned result Microsoft.AspNetCore.Mvc.ObjectResult in 23399.8406ms.
 2021-05-17 14:27:12,274 TRACE Microsoft.AspNetCore.Mvc.Infrastructure.ControllerActionInvoker.? [?] - MESSAGE: Action Filter: Before executing OnActionExecuted on filter Microsoft.AspNetCore.Mvc.ModelBinding.UnsupportedContentTypeFilter.
 2021-05-17 14:27:12,284 TRACE Microsoft.AspNetCore.Mvc.Infrastructure.ControllerActionInvoker.? [?] - MESSAGE: Action Filter: After executing OnActionExecuted on filter Microsoft.AspNetCore.Mvc.ModelBinding.UnsupportedContentTypeFilter.
 2021-05-17 14:27:12,290 TRACE Microsoft.AspNetCore.Mvc.Infrastructure.ControllerActionInvoker.? [?] - MESSAGE: Action Filter: After executing OnActionExecutionAsync on filter Microsoft.AspNetCore.Mvc.Filters.ControllerActionFilter.
 2021-05-17 14:27:12,297 TRACE Microsoft.AspNetCore.Mvc.Infrastructure.ControllerActionInvoker.? [?] - MESSAGE: Result Filter: Before executing OnResultExecuting on filter Microsoft.AspNetCore.Mvc.ProducesAttribute.
 2021-05-17 14:27:12,302 TRACE Microsoft.AspNetCore.Mvc.Infrastructure.ControllerActionInvoker.? [?] - MESSAGE: Result Filter: After executing OnResultExecuting on filter Microsoft.AspNetCore.Mvc.ProducesAttribute.
 2021-05-17 14:27:12,309 TRACE Microsoft.AspNetCore.Mvc.Infrastructure.ControllerActionInvoker.? [?] - MESSAGE: Before executing action result Microsoft.AspNetCore.Mvc.ObjectResult.
 2021-05-17 14:27:12,318 DEBUG Microsoft.AspNetCore.Mvc.Infrastructure.DefaultOutputFormatterSelector.? [?] - MESSAGE: List of registered output formatters, in the following order: Microsoft.AspNetCore.Mvc.Formatters.HttpNoContentOutputFormatter, Microsoft.AspNetCore.Mvc.Formatters.StringOutputFormatter, Microsoft.AspNetCore.Mvc.Formatters.StreamOutputFormatter, Microsoft.AspNetCore.Mvc.Formatters.SystemTextJsonOutputFormatter
 2021-05-17 14:27:12,329 DEBUG Microsoft.AspNetCore.Mvc.Infrastructure.DefaultOutputFormatterSelector.? [?] - MESSAGE: No information found on request to perform content negotiation.
 2021-05-17 14:27:12,334 DEBUG Microsoft.AspNetCore.Mvc.Infrastructure.DefaultOutputFormatterSelector.? [?] - MESSAGE: Attempting to select the first output formatter in the output formatters list which supports a content type from the explicitly specified content types 'application/json'.
 2021-05-17 14:27:12,340 DEBUG Microsoft.AspNetCore.Mvc.Infrastructure.DefaultOutputFormatterSelector.? [?] - MESSAGE: Selected output formatter 'Microsoft.AspNetCore.Mvc.Formatters.SystemTextJsonOutputFormatter' and content type 'application/json' to write the response.
 2021-05-17 14:27:12,345  INFO Microsoft.AspNetCore.Mvc.Infrastructure.ObjectResultExecutor.? [?] - MESSAGE: Executing ObjectResult, writing value of type 'System.String'.
 2021-05-17 14:27:12,357 TRACE Microsoft.AspNetCore.Mvc.Infrastructure.ControllerActionInvoker.? [?] - MESSAGE: After executing action result Microsoft.AspNetCore.Mvc.ObjectResult.
 2021-05-17 14:27:12,374 TRACE Microsoft.AspNetCore.Mvc.Infrastructure.ControllerActionInvoker.? [?] - MESSAGE: Result Filter: Before executing OnResultExecuted on filter Microsoft.AspNetCore.Mvc.ProducesAttribute.
 2021-05-17 14:27:12,379 TRACE Microsoft.AspNetCore.Mvc.Infrastructure.ControllerActionInvoker.? [?] - MESSAGE: Result Filter: After executing OnResultExecuted on filter Microsoft.AspNetCore.Mvc.ProducesAttribute.
 2021-05-17 14:27:12,391  INFO Microsoft.AspNetCore.Mvc.Infrastructure.ControllerActionInvoker.? [?] - MESSAGE: Executed action DNSAPI.Controllers.MemberDetailsController.Memberdetails (DNSAPI) in 23658.9576ms
 2021-05-17 14:27:12,396  INFO Microsoft.AspNetCore.Routing.EndpointMiddleware.? [?] - MESSAGE: Executed endpoint 'DNSAPI.Controllers.MemberDetailsController.Memberdetails (DNSAPI)'
 2021-05-17 14:27:12,402  INFO Microsoft.AspNetCore.Hosting.Diagnostics.? [?] - MESSAGE: Request finished in 23890.6878ms 500 application/json; charset=utf-8
 2021-05-17 14:48:48,242 DEBUG Microsoft.AspNetCore.Hosting.Diagnostics.Starting [0] - MESSAGE: Hosting starting
 2021-05-17 14:48:49,100  INFO Microsoft.AspNetCore.DataProtection.KeyManagement.XmlKeyManager.? [?] - MESSAGE: User profile is available. Using 'C:\Users\ethiraj\AppData\Local\ASP.NET\DataProtection-Keys' as key repository and Windows DPAPI to encrypt keys at rest.
 2021-05-17 14:48:49,120 DEBUG Microsoft.AspNetCore.DataProtection.Repositories.FileSystemXmlRepository.? [?] - MESSAGE: Reading data from file 'C:\Users\ethiraj\AppData\Local\ASP.NET\DataProtection-Keys\key-2f2924a3-6b36-43c8-a0b7-009a8ec249a5.xml'.
 2021-05-17 14:48:49,132 DEBUG Microsoft.AspNetCore.DataProtection.Repositories.FileSystemXmlRepository.? [?] - MESSAGE: Reading data from file 'C:\Users\ethiraj\AppData\Local\ASP.NET\DataProtection-Keys\key-3ab980bc-fa62-4a4d-aa8a-c20d27e187a0.xml'.
 2021-05-17 14:48:49,149 DEBUG Microsoft.AspNetCore.DataProtection.KeyManagement.XmlKeyManager.? [?] - MESSAGE: Found key {2f2924a3-6b36-43c8-a0b7-009a8ec249a5}.
 2021-05-17 14:48:49,162 DEBUG Microsoft.AspNetCore.DataProtection.KeyManagement.XmlKeyManager.? [?] - MESSAGE: Found key {3ab980bc-fa62-4a4d-aa8a-c20d27e187a0}.
 2021-05-17 14:48:49,184 DEBUG Microsoft.AspNetCore.DataProtection.KeyManagement.DefaultKeyResolver.? [?] - MESSAGE: Considering key {2f2924a3-6b36-43c8-a0b7-009a8ec249a5} with expiration date 2021-05-30 10:47:49Z as default key.
 2021-05-17 14:48:49,240 DEBUG Microsoft.AspNetCore.DataProtection.TypeForwardingActivator.CreateInstance [0] - MESSAGE: Forwarded activator type request from Microsoft.AspNetCore.DataProtection.XmlEncryption.DpapiXmlDecryptor, Microsoft.AspNetCore.DataProtection, Version=2.0.0.0, Culture=neutral, PublicKeyToken=adb9793829ddae60 to Microsoft.AspNetCore.DataProtection.XmlEncryption.DpapiXmlDecryptor, Microsoft.AspNetCore.DataProtection, Culture=neutral, PublicKeyToken=adb9793829ddae60
 2021-05-17 14:48:49,252 DEBUG Microsoft.AspNetCore.DataProtection.XmlEncryption.DpapiXmlDecryptor.? [?] - MESSAGE: Decrypting secret element using Windows DPAPI.
 2021-05-17 14:48:49,261 DEBUG Microsoft.AspNetCore.DataProtection.TypeForwardingActivator.CreateInstance [0] - MESSAGE: Forwarded activator type request from Microsoft.AspNetCore.DataProtection.AuthenticatedEncryption.ConfigurationModel.AuthenticatedEncryptorDescriptorDeserializer, Microsoft.AspNetCore.DataProtection, Version=2.0.0.0, Culture=neutral, PublicKeyToken=adb9793829ddae60 to Microsoft.AspNetCore.DataProtection.AuthenticatedEncryption.ConfigurationModel.AuthenticatedEncryptorDescriptorDeserializer, Microsoft.AspNetCore.DataProtection, Culture=neutral, PublicKeyToken=adb9793829ddae60
 2021-05-17 14:48:49,276 DEBUG Microsoft.AspNetCore.DataProtection.AuthenticatedEncryption.CngCbcAuthenticatedEncryptorFactory.? [?] - MESSAGE: Opening CNG algorithm 'AES' from provider '(null)' with chaining mode CBC.
 2021-05-17 14:48:49,288 DEBUG Microsoft.AspNetCore.DataProtection.AuthenticatedEncryption.CngCbcAuthenticatedEncryptorFactory.? [?] - MESSAGE: Opening CNG algorithm 'SHA256' from provider '(null)' with HMAC.
 2021-05-17 14:48:49,302 DEBUG Microsoft.AspNetCore.DataProtection.KeyManagement.KeyRingProvider.? [?] - MESSAGE: Using key {2f2924a3-6b36-43c8-a0b7-009a8ec249a5} as the default key.
 2021-05-17 14:48:49,309 DEBUG Microsoft.AspNetCore.DataProtection.Internal.DataProtectionHostedService.? [?] - MESSAGE: Key ring with default key {2f2924a3-6b36-43c8-a0b7-009a8ec249a5} was loaded during application startup.
 2021-05-17 14:48:49,320 DEBUG Microsoft.AspNetCore.Hosting.Diagnostics.Started [0] - MESSAGE: Hosting started
 2021-05-17 14:48:49,325 DEBUG Microsoft.AspNetCore.Hosting.Diagnostics.MoveNext [0] - MESSAGE: Loaded hosting startup assembly DNSAPI
 2021-05-17 14:48:49,430  INFO Microsoft.AspNetCore.Hosting.Diagnostics.? [?] - MESSAGE: Request starting HTTP/1.1 GET http://localhost:53264/swagger/index.html  
 2021-05-17 14:48:49,438 DEBUG Microsoft.AspNetCore.HostFiltering.HostFilteringMiddleware.? [?] - MESSAGE: Wildcard detected, all requests with hosts will be allowed.
 2021-05-17 14:48:49,442 TRACE Microsoft.AspNetCore.HostFiltering.HostFilteringMiddleware.? [?] - MESSAGE: All hosts are allowed.
 2021-05-17 14:48:49,456  WARN Microsoft.AspNetCore.HttpsPolicy.HttpsRedirectionMiddleware.? [?] - MESSAGE: Failed to determine the https port for redirect.
 2021-05-17 14:48:49,492 DEBUG Microsoft.AspNetCore.Routing.Matching.DfaMatcher.? [?] - MESSAGE: No candidates found for the request path '/swagger/index.html'
 2021-05-17 14:48:49,496 DEBUG Microsoft.AspNetCore.Routing.EndpointRoutingMiddleware.? [?] - MESSAGE: Request did not match any endpoints
 2021-05-17 14:48:49,583  INFO Microsoft.AspNetCore.Hosting.Diagnostics.? [?] - MESSAGE: Request finished in 155.392ms 200 text/html;charset=utf-8
 2021-05-17 14:48:49,830  INFO Microsoft.AspNetCore.Hosting.Diagnostics.? [?] - MESSAGE: Request starting HTTP/1.1 GET http://localhost:53264/swagger/v1/swagger.json  
 2021-05-17 14:48:49,835 TRACE Microsoft.AspNetCore.HostFiltering.HostFilteringMiddleware.? [?] - MESSAGE: All hosts are allowed.
 2021-05-17 14:48:49,839 DEBUG Microsoft.AspNetCore.Routing.Matching.DfaMatcher.? [?] - MESSAGE: No candidates found for the request path '/swagger/v1/swagger.json'
 2021-05-17 14:48:49,842 DEBUG Microsoft.AspNetCore.Routing.EndpointRoutingMiddleware.? [?] - MESSAGE: Request did not match any endpoints
 2021-05-17 14:48:50,218  INFO Microsoft.AspNetCore.Hosting.Diagnostics.? [?] - MESSAGE: Request finished in 388.503ms 200 application/json;charset=utf-8
 2021-05-17 20:15:22,732 DEBUG Microsoft.AspNetCore.Hosting.Diagnostics.Starting [0] - MESSAGE: Hosting starting
 2021-05-17 20:15:23,255  INFO Microsoft.AspNetCore.DataProtection.KeyManagement.XmlKeyManager.? [?] - MESSAGE: User profile is available. Using 'C:\Users\ethiraj\AppData\Local\ASP.NET\DataProtection-Keys' as key repository and Windows DPAPI to encrypt keys at rest.
 2021-05-17 20:15:23,264 DEBUG Microsoft.AspNetCore.DataProtection.Repositories.FileSystemXmlRepository.? [?] - MESSAGE: Reading data from file 'C:\Users\ethiraj\AppData\Local\ASP.NET\DataProtection-Keys\key-2f2924a3-6b36-43c8-a0b7-009a8ec249a5.xml'.
 2021-05-17 20:15:23,279 DEBUG Microsoft.AspNetCore.DataProtection.Repositories.FileSystemXmlRepository.? [?] - MESSAGE: Reading data from file 'C:\Users\ethiraj\AppData\Local\ASP.NET\DataProtection-Keys\key-3ab980bc-fa62-4a4d-aa8a-c20d27e187a0.xml'.
 2021-05-17 20:15:23,299 DEBUG Microsoft.AspNetCore.DataProtection.KeyManagement.XmlKeyManager.? [?] - MESSAGE: Found key {2f2924a3-6b36-43c8-a0b7-009a8ec249a5}.
 2021-05-17 20:15:23,305 DEBUG Microsoft.AspNetCore.DataProtection.KeyManagement.XmlKeyManager.? [?] - MESSAGE: Found key {3ab980bc-fa62-4a4d-aa8a-c20d27e187a0}.
 2021-05-17 20:15:23,314 DEBUG Microsoft.AspNetCore.DataProtection.KeyManagement.DefaultKeyResolver.? [?] - MESSAGE: Considering key {2f2924a3-6b36-43c8-a0b7-009a8ec249a5} with expiration date 2021-05-30 10:47:49Z as default key.
 2021-05-17 20:15:23,338 DEBUG Microsoft.AspNetCore.DataProtection.TypeForwardingActivator.CreateInstance [0] - MESSAGE: Forwarded activator type request from Microsoft.AspNetCore.DataProtection.XmlEncryption.DpapiXmlDecryptor, Microsoft.AspNetCore.DataProtection, Version=2.0.0.0, Culture=neutral, PublicKeyToken=adb9793829ddae60 to Microsoft.AspNetCore.DataProtection.XmlEncryption.DpapiXmlDecryptor, Microsoft.AspNetCore.DataProtection, Culture=neutral, PublicKeyToken=adb9793829ddae60
 2021-05-17 20:15:23,343 DEBUG Microsoft.AspNetCore.DataProtection.XmlEncryption.DpapiXmlDecryptor.? [?] - MESSAGE: Decrypting secret element using Windows DPAPI.
 2021-05-17 20:15:23,354 DEBUG Microsoft.AspNetCore.DataProtection.TypeForwardingActivator.CreateInstance [0] - MESSAGE: Forwarded activator type request from Microsoft.AspNetCore.DataProtection.AuthenticatedEncryption.ConfigurationModel.AuthenticatedEncryptorDescriptorDeserializer, Microsoft.AspNetCore.DataProtection, Version=2.0.0.0, Culture=neutral, PublicKeyToken=adb9793829ddae60 to Microsoft.AspNetCore.DataProtection.AuthenticatedEncryption.ConfigurationModel.AuthenticatedEncryptorDescriptorDeserializer, Microsoft.AspNetCore.DataProtection, Culture=neutral, PublicKeyToken=adb9793829ddae60
 2021-05-17 20:15:23,359 DEBUG Microsoft.AspNetCore.DataProtection.AuthenticatedEncryption.CngCbcAuthenticatedEncryptorFactory.? [?] - MESSAGE: Opening CNG algorithm 'AES' from provider '(null)' with chaining mode CBC.
 2021-05-17 20:15:23,364 DEBUG Microsoft.AspNetCore.DataProtection.AuthenticatedEncryption.CngCbcAuthenticatedEncryptorFactory.? [?] - MESSAGE: Opening CNG algorithm 'SHA256' from provider '(null)' with HMAC.
 2021-05-17 20:15:23,370 DEBUG Microsoft.AspNetCore.DataProtection.KeyManagement.KeyRingProvider.? [?] - MESSAGE: Using key {2f2924a3-6b36-43c8-a0b7-009a8ec249a5} as the default key.
 2021-05-17 20:15:23,374 DEBUG Microsoft.AspNetCore.DataProtection.Internal.DataProtectionHostedService.? [?] - MESSAGE: Key ring with default key {2f2924a3-6b36-43c8-a0b7-009a8ec249a5} was loaded during application startup.
 2021-05-17 20:15:23,378 DEBUG Microsoft.AspNetCore.Hosting.Diagnostics.Started [0] - MESSAGE: Hosting started
 2021-05-17 20:15:23,381 DEBUG Microsoft.AspNetCore.Hosting.Diagnostics.MoveNext [0] - MESSAGE: Loaded hosting startup assembly DNSAPI
 2021-05-17 20:15:23,430  INFO Microsoft.AspNetCore.Hosting.Diagnostics.? [?] - MESSAGE: Request starting HTTP/1.1 GET http://localhost:53264/swagger/index.html  
 2021-05-17 20:15:23,435 DEBUG Microsoft.AspNetCore.HostFiltering.HostFilteringMiddleware.? [?] - MESSAGE: Wildcard detected, all requests with hosts will be allowed.
 2021-05-17 20:15:23,439 TRACE Microsoft.AspNetCore.HostFiltering.HostFilteringMiddleware.? [?] - MESSAGE: All hosts are allowed.
 2021-05-17 20:15:23,451  WARN Microsoft.AspNetCore.HttpsPolicy.HttpsRedirectionMiddleware.? [?] - MESSAGE: Failed to determine the https port for redirect.
 2021-05-17 20:15:23,478 DEBUG Microsoft.AspNetCore.Routing.Matching.DfaMatcher.? [?] - MESSAGE: No candidates found for the request path '/swagger/index.html'
 2021-05-17 20:15:23,482 DEBUG Microsoft.AspNetCore.Routing.EndpointRoutingMiddleware.? [?] - MESSAGE: Request did not match any endpoints
 2021-05-17 20:15:23,558  INFO Microsoft.AspNetCore.Hosting.Diagnostics.? [?] - MESSAGE: Request finished in 128.9533ms 200 text/html;charset=utf-8
 2021-05-17 20:15:23,690  INFO Microsoft.AspNetCore.Hosting.Diagnostics.? [?] - MESSAGE: Request starting HTTP/1.1 GET http://localhost:53264/swagger/v1/swagger.json  
 2021-05-17 20:15:23,693 TRACE Microsoft.AspNetCore.HostFiltering.HostFilteringMiddleware.? [?] - MESSAGE: All hosts are allowed.
 2021-05-17 20:15:23,696 DEBUG Microsoft.AspNetCore.Routing.Matching.DfaMatcher.? [?] - MESSAGE: No candidates found for the request path '/swagger/v1/swagger.json'
 2021-05-17 20:15:23,699 DEBUG Microsoft.AspNetCore.Routing.EndpointRoutingMiddleware.? [?] - MESSAGE: Request did not match any endpoints
 2021-05-17 20:15:23,860  INFO Microsoft.AspNetCore.Hosting.Diagnostics.? [?] - MESSAGE: Request finished in 169.3841ms 200 application/json;charset=utf-8
 2021-05-17 20:28:37,551 DEBUG Microsoft.AspNetCore.Hosting.Diagnostics.Starting [0] - MESSAGE: Hosting starting
 2021-05-17 20:28:37,855  INFO Microsoft.AspNetCore.DataProtection.KeyManagement.XmlKeyManager.? [?] - MESSAGE: User profile is available. Using 'C:\Users\ethiraj\AppData\Local\ASP.NET\DataProtection-Keys' as key repository and Windows DPAPI to encrypt keys at rest.
 2021-05-17 20:28:37,864 DEBUG Microsoft.AspNetCore.DataProtection.Repositories.FileSystemXmlRepository.? [?] - MESSAGE: Reading data from file 'C:\Users\ethiraj\AppData\Local\ASP.NET\DataProtection-Keys\key-2f2924a3-6b36-43c8-a0b7-009a8ec249a5.xml'.
 2021-05-17 20:28:37,869 DEBUG Microsoft.AspNetCore.DataProtection.Repositories.FileSystemXmlRepository.? [?] - MESSAGE: Reading data from file 'C:\Users\ethiraj\AppData\Local\ASP.NET\DataProtection-Keys\key-3ab980bc-fa62-4a4d-aa8a-c20d27e187a0.xml'.
 2021-05-17 20:28:37,875 DEBUG Microsoft.AspNetCore.DataProtection.KeyManagement.XmlKeyManager.? [?] - MESSAGE: Found key {2f2924a3-6b36-43c8-a0b7-009a8ec249a5}.
 2021-05-17 20:28:37,882 DEBUG Microsoft.AspNetCore.DataProtection.KeyManagement.XmlKeyManager.? [?] - MESSAGE: Found key {3ab980bc-fa62-4a4d-aa8a-c20d27e187a0}.
 2021-05-17 20:28:37,891 DEBUG Microsoft.AspNetCore.DataProtection.KeyManagement.DefaultKeyResolver.? [?] - MESSAGE: Considering key {2f2924a3-6b36-43c8-a0b7-009a8ec249a5} with expiration date 2021-05-30 10:47:49Z as default key.
 2021-05-17 20:28:37,916 DEBUG Microsoft.AspNetCore.DataProtection.TypeForwardingActivator.CreateInstance [0] - MESSAGE: Forwarded activator type request from Microsoft.AspNetCore.DataProtection.XmlEncryption.DpapiXmlDecryptor, Microsoft.AspNetCore.DataProtection, Version=2.0.0.0, Culture=neutral, PublicKeyToken=adb9793829ddae60 to Microsoft.AspNetCore.DataProtection.XmlEncryption.DpapiXmlDecryptor, Microsoft.AspNetCore.DataProtection, Culture=neutral, PublicKeyToken=adb9793829ddae60
 2021-05-17 20:28:37,921 DEBUG Microsoft.AspNetCore.DataProtection.XmlEncryption.DpapiXmlDecryptor.? [?] - MESSAGE: Decrypting secret element using Windows DPAPI.
 2021-05-17 20:28:37,925 DEBUG Microsoft.AspNetCore.DataProtection.TypeForwardingActivator.CreateInstance [0] - MESSAGE: Forwarded activator type request from Microsoft.AspNetCore.DataProtection.AuthenticatedEncryption.ConfigurationModel.AuthenticatedEncryptorDescriptorDeserializer, Microsoft.AspNetCore.DataProtection, Version=2.0.0.0, Culture=neutral, PublicKeyToken=adb9793829ddae60 to Microsoft.AspNetCore.DataProtection.AuthenticatedEncryption.ConfigurationModel.AuthenticatedEncryptorDescriptorDeserializer, Microsoft.AspNetCore.DataProtection, Culture=neutral, PublicKeyToken=adb9793829ddae60
 2021-05-17 20:28:37,930 DEBUG Microsoft.AspNetCore.DataProtection.AuthenticatedEncryption.CngCbcAuthenticatedEncryptorFactory.? [?] - MESSAGE: Opening CNG algorithm 'AES' from provider '(null)' with chaining mode CBC.
 2021-05-17 20:28:37,935 DEBUG Microsoft.AspNetCore.DataProtection.AuthenticatedEncryption.CngCbcAuthenticatedEncryptorFactory.? [?] - MESSAGE: Opening CNG algorithm 'SHA256' from provider '(null)' with HMAC.
 2021-05-17 20:28:37,942 DEBUG Microsoft.AspNetCore.DataProtection.KeyManagement.KeyRingProvider.? [?] - MESSAGE: Using key {2f2924a3-6b36-43c8-a0b7-009a8ec249a5} as the default key.
 2021-05-17 20:28:37,945 DEBUG Microsoft.AspNetCore.DataProtection.Internal.DataProtectionHostedService.? [?] - MESSAGE: Key ring with default key {2f2924a3-6b36-43c8-a0b7-009a8ec249a5} was loaded during application startup.
 2021-05-17 20:28:37,951 DEBUG Microsoft.AspNetCore.Hosting.Diagnostics.Started [0] - MESSAGE: Hosting started
 2021-05-17 20:28:37,954 DEBUG Microsoft.AspNetCore.Hosting.Diagnostics.MoveNext [0] - MESSAGE: Loaded hosting startup assembly DNSAPI
 2021-05-17 20:28:38,001  INFO Microsoft.AspNetCore.Hosting.Diagnostics.? [?] - MESSAGE: Request starting HTTP/1.1 GET http://localhost:53264/swagger/index.html  
 2021-05-17 20:28:38,006 DEBUG Microsoft.AspNetCore.HostFiltering.HostFilteringMiddleware.? [?] - MESSAGE: Wildcard detected, all requests with hosts will be allowed.
 2021-05-17 20:28:38,009 TRACE Microsoft.AspNetCore.HostFiltering.HostFilteringMiddleware.? [?] - MESSAGE: All hosts are allowed.
 2021-05-17 20:28:38,019  WARN Microsoft.AspNetCore.HttpsPolicy.HttpsRedirectionMiddleware.? [?] - MESSAGE: Failed to determine the https port for redirect.
 2021-05-17 20:28:38,044 DEBUG Microsoft.AspNetCore.Routing.Matching.DfaMatcher.? [?] - MESSAGE: No candidates found for the request path '/swagger/index.html'
 2021-05-17 20:28:38,049 DEBUG Microsoft.AspNetCore.Routing.EndpointRoutingMiddleware.? [?] - MESSAGE: Request did not match any endpoints
 2021-05-17 20:28:38,118  INFO Microsoft.AspNetCore.Hosting.Diagnostics.? [?] - MESSAGE: Request finished in 117.6331ms 200 text/html;charset=utf-8
 2021-05-17 20:28:38,271  INFO Microsoft.AspNetCore.Hosting.Diagnostics.? [?] - MESSAGE: Request starting HTTP/1.1 GET http://localhost:53264/swagger/v1/swagger.json  
 2021-05-17 20:28:38,273 TRACE Microsoft.AspNetCore.HostFiltering.HostFilteringMiddleware.? [?] - MESSAGE: All hosts are allowed.
 2021-05-17 20:28:38,275 DEBUG Microsoft.AspNetCore.Routing.Matching.DfaMatcher.? [?] - MESSAGE: No candidates found for the request path '/swagger/v1/swagger.json'
 2021-05-17 20:28:38,278 DEBUG Microsoft.AspNetCore.Routing.EndpointRoutingMiddleware.? [?] - MESSAGE: Request did not match any endpoints
 2021-05-17 20:28:38,379  INFO Microsoft.AspNetCore.Hosting.Diagnostics.? [?] - MESSAGE: Request finished in 108.1688ms 200 application/json;charset=utf-8
 2021-05-17 20:28:46,078  INFO Microsoft.AspNetCore.Hosting.Diagnostics.? [?] - MESSAGE: Request starting HTTP/1.1 GET http://localhost:53264/api/movies  
 2021-05-17 20:28:46,085 TRACE Microsoft.AspNetCore.HostFiltering.HostFilteringMiddleware.? [?] - MESSAGE: All hosts are allowed.
 2021-05-17 20:28:46,101 DEBUG Microsoft.AspNetCore.Routing.Matching.DfaMatcher.? [?] - MESSAGE: 1 candidate(s) found for the request path '/api/movies'
 2021-05-17 20:28:46,107 DEBUG Microsoft.AspNetCore.Routing.Matching.DfaMatcher.? [?] - MESSAGE: Endpoint 'DNSAPI.Controllers.MoviesController.Get (DNSAPI)' with route pattern 'api/movies' is valid for the request path '/api/movies'
 2021-05-17 20:28:46,110 DEBUG Microsoft.AspNetCore.Routing.EndpointRoutingMiddleware.? [?] - MESSAGE: Request matched endpoint 'DNSAPI.Controllers.MoviesController.Get (DNSAPI)'
 2021-05-17 20:28:46,115  INFO Microsoft.AspNetCore.Routing.EndpointMiddleware.? [?] - MESSAGE: Executing endpoint 'DNSAPI.Controllers.MoviesController.Get (DNSAPI)'
 2021-05-17 20:28:46,126 DEBUG Microsoft.AspNetCore.Mvc.ModelBinding.ModelBinderFactory.? [?] - MESSAGE: Registered model binder providers, in the following order: Microsoft.AspNetCore.Mvc.ModelBinding.Binders.BinderTypeModelBinderProvider, Microsoft.AspNetCore.Mvc.ModelBinding.Binders.ServicesModelBinderProvider, Microsoft.AspNetCore.Mvc.ModelBinding.Binders.BodyModelBinderProvider, Microsoft.AspNetCore.Mvc.ModelBinding.Binders.HeaderModelBinderProvider, Microsoft.AspNetCore.Mvc.ModelBinding.Binders.FloatingPointTypeModelBinderProvider, Microsoft.AspNetCore.Mvc.ModelBinding.Binders.EnumTypeModelBinderProvider, Microsoft.AspNetCore.Mvc.ModelBinding.Binders.SimpleTypeModelBinderProvider, Microsoft.AspNetCore.Mvc.ModelBinding.Binders.CancellationTokenModelBinderProvider, Microsoft.AspNetCore.Mvc.ModelBinding.Binders.ByteArrayModelBinderProvider, Microsoft.AspNetCore.Mvc.ModelBinding.Binders.FormFileModelBinderProvider, Microsoft.AspNetCore.Mvc.ModelBinding.Binders.FormCollectionModelBinderProvider, Microsoft.AspNetCore.Mvc.ModelBinding.Binders.KeyValuePairModelBinderProvider, Microsoft.AspNetCore.Mvc.ModelBinding.Binders.DictionaryModelBinderProvider, Microsoft.AspNetCore.Mvc.ModelBinding.Binders.ArrayModelBinderProvider, Microsoft.AspNetCore.Mvc.ModelBinding.Binders.CollectionModelBinderProvider, Microsoft.AspNetCore.Mvc.ModelBinding.Binders.ComplexTypeModelBinderProvider
 2021-05-17 20:28:46,742  INFO Microsoft.AspNetCore.Mvc.Infrastructure.ControllerActionInvoker.? [?] - MESSAGE: Route matched with {action = "Get", controller = "Movies"}. Executing controller action with signature Microsoft.AspNetCore.Mvc.IActionResult Get() on controller DNSAPI.Controllers.MoviesController (DNSAPI).
 2021-05-17 20:28:46,746 DEBUG Microsoft.AspNetCore.Mvc.Infrastructure.ControllerActionInvoker.? [?] - MESSAGE: Execution plan of authorization filters (in the following order): None
 2021-05-17 20:28:46,749 DEBUG Microsoft.AspNetCore.Mvc.Infrastructure.ControllerActionInvoker.? [?] - MESSAGE: Execution plan of resource filters (in the following order): None
 2021-05-17 20:28:46,753 DEBUG Microsoft.AspNetCore.Mvc.Infrastructure.ControllerActionInvoker.? [?] - MESSAGE: Execution plan of action filters (in the following order): Microsoft.AspNetCore.Mvc.Filters.ControllerActionFilter (Order: -2147483648), Microsoft.AspNetCore.Mvc.ModelBinding.UnsupportedContentTypeFilter (Order: -3000)
 2021-05-17 20:28:46,755 DEBUG Microsoft.AspNetCore.Mvc.Infrastructure.ControllerActionInvoker.? [?] - MESSAGE: Execution plan of exception filters (in the following order): None
 2021-05-17 20:28:46,757 DEBUG Microsoft.AspNetCore.Mvc.Infrastructure.ControllerActionInvoker.? [?] - MESSAGE: Execution plan of result filters (in the following order): None
 2021-05-17 20:28:46,760 DEBUG Microsoft.AspNetCore.Mvc.Infrastructure.ControllerActionInvoker.? [?] - MESSAGE: Executing controller factory for controller DNSAPI.Controllers.MoviesController (DNSAPI)
 2021-05-17 20:28:46,768  INFO Microsoft.AspNetCore.Mvc.Infrastructure.ControllerActionInvoker.? [?] - MESSAGE: Executed action DNSAPI.Controllers.MoviesController.Get (DNSAPI) in 5.8627ms
 2021-05-17 20:28:46,773  INFO Microsoft.AspNetCore.Routing.EndpointMiddleware.? [?] - MESSAGE: Executed endpoint 'DNSAPI.Controllers.MoviesController.Get (DNSAPI)'
 2021-05-17 20:28:46,781 ERROR Microsoft.AspNetCore.Diagnostics.DeveloperExceptionPageMiddleware.? [?] - MESSAGE: An unhandled exception has occurred while executing the request.
 System.InvalidOperationException: Unable to resolve service for type 'EasyMemoryCache.ICaching' while attempting to activate 'DNSAPI.Controllers.MoviesController'.
   at Microsoft.Extensions.DependencyInjection.ActivatorUtilities.GetService(IServiceProvider sp, Type type, Type requiredBy, Boolean isDefaultParameterRequired)
   at lambda_method(Closure , IServiceProvider , Object[] )
   at Microsoft.AspNetCore.Mvc.Controllers.ControllerActivatorProvider.<>c__DisplayClass4_0.<CreateActivator>b__0(ControllerContext controllerContext)
   at Microsoft.AspNetCore.Mvc.Controllers.ControllerFactoryProvider.<>c__DisplayClass5_0.<CreateControllerFactory>g__CreateController|0(ControllerContext controllerContext)
   at Microsoft.AspNetCore.Mvc.Infrastructure.ControllerActionInvoker.Next(State& next, Scope& scope, Object& state, Boolean& isCompleted)
   at Microsoft.AspNetCore.Mvc.Infrastructure.ControllerActionInvoker.InvokeInnerFilterAsync()
--- End of stack trace from previous location where exception was thrown ---
   at Microsoft.AspNetCore.Mvc.Infrastructure.ResourceInvoker.<InvokeFilterPipelineAsync>g__Awaited|19_0(ResourceInvoker invoker, Task lastTask, State next, Scope scope, Object state, Boolean isCompleted)
   at Microsoft.AspNetCore.Mvc.Infrastructure.ResourceInvoker.<InvokeAsync>g__Logged|17_1(ResourceInvoker invoker)
   at Microsoft.AspNetCore.Routing.EndpointMiddleware.<Invoke>g__AwaitRequestTask|6_0(Endpoint endpoint, Task requestTask, ILogger logger)
   at Microsoft.AspNetCore.Authorization.AuthorizationMiddleware.Invoke(HttpContext context)
   at Microsoft.AspNetCore.Diagnostics.DeveloperExceptionPageMiddleware.Invoke(HttpContext context)
2021-05-17 20:28:46,802  INFO Microsoft.AspNetCore.Hosting.Diagnostics.? [?] - MESSAGE: Request finished in 728.5849ms 500 text/plain
 2021-05-17 20:30:22,118 DEBUG Microsoft.AspNetCore.Hosting.Diagnostics.Starting [0] - MESSAGE: Hosting starting
 2021-05-17 20:30:22,422  INFO Microsoft.AspNetCore.DataProtection.KeyManagement.XmlKeyManager.? [?] - MESSAGE: User profile is available. Using 'C:\Users\ethiraj\AppData\Local\ASP.NET\DataProtection-Keys' as key repository and Windows DPAPI to encrypt keys at rest.
 2021-05-17 20:30:22,431 DEBUG Microsoft.AspNetCore.DataProtection.Repositories.FileSystemXmlRepository.? [?] - MESSAGE: Reading data from file 'C:\Users\ethiraj\AppData\Local\ASP.NET\DataProtection-Keys\key-2f2924a3-6b36-43c8-a0b7-009a8ec249a5.xml'.
 2021-05-17 20:30:22,437 DEBUG Microsoft.AspNetCore.DataProtection.Repositories.FileSystemXmlRepository.? [?] - MESSAGE: Reading data from file 'C:\Users\ethiraj\AppData\Local\ASP.NET\DataProtection-Keys\key-3ab980bc-fa62-4a4d-aa8a-c20d27e187a0.xml'.
 2021-05-17 20:30:22,444 DEBUG Microsoft.AspNetCore.DataProtection.KeyManagement.XmlKeyManager.? [?] - MESSAGE: Found key {2f2924a3-6b36-43c8-a0b7-009a8ec249a5}.
 2021-05-17 20:30:22,450 DEBUG Microsoft.AspNetCore.DataProtection.KeyManagement.XmlKeyManager.? [?] - MESSAGE: Found key {3ab980bc-fa62-4a4d-aa8a-c20d27e187a0}.
 2021-05-17 20:30:22,459 DEBUG Microsoft.AspNetCore.DataProtection.KeyManagement.DefaultKeyResolver.? [?] - MESSAGE: Considering key {2f2924a3-6b36-43c8-a0b7-009a8ec249a5} with expiration date 2021-05-30 10:47:49Z as default key.
 2021-05-17 20:30:22,484 DEBUG Microsoft.AspNetCore.DataProtection.TypeForwardingActivator.CreateInstance [0] - MESSAGE: Forwarded activator type request from Microsoft.AspNetCore.DataProtection.XmlEncryption.DpapiXmlDecryptor, Microsoft.AspNetCore.DataProtection, Version=2.0.0.0, Culture=neutral, PublicKeyToken=adb9793829ddae60 to Microsoft.AspNetCore.DataProtection.XmlEncryption.DpapiXmlDecryptor, Microsoft.AspNetCore.DataProtection, Culture=neutral, PublicKeyToken=adb9793829ddae60
 2021-05-17 20:30:22,490 DEBUG Microsoft.AspNetCore.DataProtection.XmlEncryption.DpapiXmlDecryptor.? [?] - MESSAGE: Decrypting secret element using Windows DPAPI.
 2021-05-17 20:30:22,494 DEBUG Microsoft.AspNetCore.DataProtection.TypeForwardingActivator.CreateInstance [0] - MESSAGE: Forwarded activator type request from Microsoft.AspNetCore.DataProtection.AuthenticatedEncryption.ConfigurationModel.AuthenticatedEncryptorDescriptorDeserializer, Microsoft.AspNetCore.DataProtection, Version=2.0.0.0, Culture=neutral, PublicKeyToken=adb9793829ddae60 to Microsoft.AspNetCore.DataProtection.AuthenticatedEncryption.ConfigurationModel.AuthenticatedEncryptorDescriptorDeserializer, Microsoft.AspNetCore.DataProtection, Culture=neutral, PublicKeyToken=adb9793829ddae60
 2021-05-17 20:30:22,500 DEBUG Microsoft.AspNetCore.DataProtection.AuthenticatedEncryption.CngCbcAuthenticatedEncryptorFactory.? [?] - MESSAGE: Opening CNG algorithm 'AES' from provider '(null)' with chaining mode CBC.
 2021-05-17 20:30:22,505 DEBUG Microsoft.AspNetCore.DataProtection.AuthenticatedEncryption.CngCbcAuthenticatedEncryptorFactory.? [?] - MESSAGE: Opening CNG algorithm 'SHA256' from provider '(null)' with HMAC.
 2021-05-17 20:30:22,511 DEBUG Microsoft.AspNetCore.DataProtection.KeyManagement.KeyRingProvider.? [?] - MESSAGE: Using key {2f2924a3-6b36-43c8-a0b7-009a8ec249a5} as the default key.
 2021-05-17 20:30:22,515 DEBUG Microsoft.AspNetCore.DataProtection.Internal.DataProtectionHostedService.? [?] - MESSAGE: Key ring with default key {2f2924a3-6b36-43c8-a0b7-009a8ec249a5} was loaded during application startup.
 2021-05-17 20:30:22,520 DEBUG Microsoft.AspNetCore.Hosting.Diagnostics.Started [0] - MESSAGE: Hosting started
 2021-05-17 20:30:22,523 DEBUG Microsoft.AspNetCore.Hosting.Diagnostics.MoveNext [0] - MESSAGE: Loaded hosting startup assembly DNSAPI
 2021-05-17 20:30:22,568  INFO Microsoft.AspNetCore.Hosting.Diagnostics.? [?] - MESSAGE: Request starting HTTP/1.1 GET http://localhost:53264/swagger/index.html  
 2021-05-17 20:30:22,573 DEBUG Microsoft.AspNetCore.HostFiltering.HostFilteringMiddleware.? [?] - MESSAGE: Wildcard detected, all requests with hosts will be allowed.
 2021-05-17 20:30:22,577 TRACE Microsoft.AspNetCore.HostFiltering.HostFilteringMiddleware.? [?] - MESSAGE: All hosts are allowed.
 2021-05-17 20:30:22,586  WARN Microsoft.AspNetCore.HttpsPolicy.HttpsRedirectionMiddleware.? [?] - MESSAGE: Failed to determine the https port for redirect.
 2021-05-17 20:30:22,612 DEBUG Microsoft.AspNetCore.Routing.Matching.DfaMatcher.? [?] - MESSAGE: No candidates found for the request path '/swagger/index.html'
 2021-05-17 20:30:22,616 DEBUG Microsoft.AspNetCore.Routing.EndpointRoutingMiddleware.? [?] - MESSAGE: Request did not match any endpoints
 2021-05-17 20:30:22,691  INFO Microsoft.AspNetCore.Hosting.Diagnostics.? [?] - MESSAGE: Request finished in 123.6185ms 200 text/html;charset=utf-8
 2021-05-17 20:30:22,827  INFO Microsoft.AspNetCore.Hosting.Diagnostics.? [?] - MESSAGE: Request starting HTTP/1.1 GET http://localhost:53264/swagger/v1/swagger.json  
 2021-05-17 20:30:22,831 TRACE Microsoft.AspNetCore.HostFiltering.HostFilteringMiddleware.? [?] - MESSAGE: All hosts are allowed.
 2021-05-17 20:30:22,834 DEBUG Microsoft.AspNetCore.Routing.Matching.DfaMatcher.? [?] - MESSAGE: No candidates found for the request path '/swagger/v1/swagger.json'
 2021-05-17 20:30:22,838 DEBUG Microsoft.AspNetCore.Routing.EndpointRoutingMiddleware.? [?] - MESSAGE: Request did not match any endpoints
 2021-05-17 20:30:22,952  INFO Microsoft.AspNetCore.Hosting.Diagnostics.? [?] - MESSAGE: Request finished in 123.6249ms 200 application/json;charset=utf-8
 2021-05-17 20:30:30,578  INFO Microsoft.AspNetCore.Hosting.Diagnostics.? [?] - MESSAGE: Request starting HTTP/1.1 GET http://localhost:53264/api/movies  
 2021-05-17 20:30:30,583 TRACE Microsoft.AspNetCore.HostFiltering.HostFilteringMiddleware.? [?] - MESSAGE: All hosts are allowed.
 2021-05-17 20:30:30,595 DEBUG Microsoft.AspNetCore.Routing.Matching.DfaMatcher.? [?] - MESSAGE: 1 candidate(s) found for the request path '/api/movies'
 2021-05-17 20:30:30,602 DEBUG Microsoft.AspNetCore.Routing.Matching.DfaMatcher.? [?] - MESSAGE: Endpoint 'DNSAPI.Controllers.MoviesController.Get (DNSAPI)' with route pattern 'api/movies' is valid for the request path '/api/movies'
 2021-05-17 20:30:30,607 DEBUG Microsoft.AspNetCore.Routing.EndpointRoutingMiddleware.? [?] - MESSAGE: Request matched endpoint 'DNSAPI.Controllers.MoviesController.Get (DNSAPI)'
 2021-05-17 20:30:30,611  INFO Microsoft.AspNetCore.Routing.EndpointMiddleware.? [?] - MESSAGE: Executing endpoint 'DNSAPI.Controllers.MoviesController.Get (DNSAPI)'
 2021-05-17 20:30:30,623 DEBUG Microsoft.AspNetCore.Mvc.ModelBinding.ModelBinderFactory.? [?] - MESSAGE: Registered model binder providers, in the following order: Microsoft.AspNetCore.Mvc.ModelBinding.Binders.BinderTypeModelBinderProvider, Microsoft.AspNetCore.Mvc.ModelBinding.Binders.ServicesModelBinderProvider, Microsoft.AspNetCore.Mvc.ModelBinding.Binders.BodyModelBinderProvider, Microsoft.AspNetCore.Mvc.ModelBinding.Binders.HeaderModelBinderProvider, Microsoft.AspNetCore.Mvc.ModelBinding.Binders.FloatingPointTypeModelBinderProvider, Microsoft.AspNetCore.Mvc.ModelBinding.Binders.EnumTypeModelBinderProvider, Microsoft.AspNetCore.Mvc.ModelBinding.Binders.SimpleTypeModelBinderProvider, Microsoft.AspNetCore.Mvc.ModelBinding.Binders.CancellationTokenModelBinderProvider, Microsoft.AspNetCore.Mvc.ModelBinding.Binders.ByteArrayModelBinderProvider, Microsoft.AspNetCore.Mvc.ModelBinding.Binders.FormFileModelBinderProvider, Microsoft.AspNetCore.Mvc.ModelBinding.Binders.FormCollectionModelBinderProvider, Microsoft.AspNetCore.Mvc.ModelBinding.Binders.KeyValuePairModelBinderProvider, Microsoft.AspNetCore.Mvc.ModelBinding.Binders.DictionaryModelBinderProvider, Microsoft.AspNetCore.Mvc.ModelBinding.Binders.ArrayModelBinderProvider, Microsoft.AspNetCore.Mvc.ModelBinding.Binders.CollectionModelBinderProvider, Microsoft.AspNetCore.Mvc.ModelBinding.Binders.ComplexTypeModelBinderProvider
 2021-05-17 20:30:30,646  INFO Microsoft.AspNetCore.Mvc.Infrastructure.ControllerActionInvoker.? [?] - MESSAGE: Route matched with {action = "Get", controller = "Movies"}. Executing controller action with signature Microsoft.AspNetCore.Mvc.IActionResult Get() on controller DNSAPI.Controllers.MoviesController (DNSAPI).
 2021-05-17 20:30:30,650 DEBUG Microsoft.AspNetCore.Mvc.Infrastructure.ControllerActionInvoker.? [?] - MESSAGE: Execution plan of authorization filters (in the following order): None
 2021-05-17 20:30:30,653 DEBUG Microsoft.AspNetCore.Mvc.Infrastructure.ControllerActionInvoker.? [?] - MESSAGE: Execution plan of resource filters (in the following order): None
 2021-05-17 20:30:30,656 DEBUG Microsoft.AspNetCore.Mvc.Infrastructure.ControllerActionInvoker.? [?] - MESSAGE: Execution plan of action filters (in the following order): Microsoft.AspNetCore.Mvc.Filters.ControllerActionFilter (Order: -2147483648), Microsoft.AspNetCore.Mvc.ModelBinding.UnsupportedContentTypeFilter (Order: -3000)
 2021-05-17 20:30:30,659 DEBUG Microsoft.AspNetCore.Mvc.Infrastructure.ControllerActionInvoker.? [?] - MESSAGE: Execution plan of exception filters (in the following order): None
 2021-05-17 20:30:30,661 DEBUG Microsoft.AspNetCore.Mvc.Infrastructure.ControllerActionInvoker.? [?] - MESSAGE: Execution plan of result filters (in the following order): None
 2021-05-17 20:30:30,664 DEBUG Microsoft.AspNetCore.Mvc.Infrastructure.ControllerActionInvoker.? [?] - MESSAGE: Executing controller factory for controller DNSAPI.Controllers.MoviesController (DNSAPI)
 2021-05-17 20:30:31,268 DEBUG Microsoft.AspNetCore.Mvc.Infrastructure.ControllerActionInvoker.? [?] - MESSAGE: Executed controller factory for controller DNSAPI.Controllers.MoviesController (DNSAPI)
 2021-05-17 20:30:31,271 TRACE Microsoft.AspNetCore.Mvc.Infrastructure.ControllerActionInvoker.? [?] - MESSAGE: Action Filter: Before executing OnActionExecutionAsync on filter Microsoft.AspNetCore.Mvc.Filters.ControllerActionFilter.
 2021-05-17 20:30:31,274 TRACE Microsoft.AspNetCore.Mvc.Infrastructure.ControllerActionInvoker.? [?] - MESSAGE: Action Filter: Before executing OnActionExecuting on filter Microsoft.AspNetCore.Mvc.ModelBinding.UnsupportedContentTypeFilter.
 2021-05-17 20:30:31,278 TRACE Microsoft.AspNetCore.Mvc.Infrastructure.ControllerActionInvoker.? [?] - MESSAGE: Action Filter: After executing OnActionExecuting on filter Microsoft.AspNetCore.Mvc.ModelBinding.UnsupportedContentTypeFilter.
 2021-05-17 20:30:31,284  INFO Microsoft.AspNetCore.Mvc.Infrastructure.ControllerActionInvoker.? [?] - MESSAGE: Executing action method DNSAPI.Controllers.MoviesController.Get (DNSAPI) - Validation state: Valid
 2021-05-17 20:30:31,295  INFO Microsoft.AspNetCore.Mvc.Infrastructure.ControllerActionInvoker.? [?] - MESSAGE: Executed action method DNSAPI.Controllers.MoviesController.Get (DNSAPI), returned result Microsoft.AspNetCore.Mvc.OkObjectResult in 4.8062ms.
 2021-05-17 20:30:31,299 TRACE Microsoft.AspNetCore.Mvc.Infrastructure.ControllerActionInvoker.? [?] - MESSAGE: Action Filter: Before executing OnActionExecuted on filter Microsoft.AspNetCore.Mvc.ModelBinding.UnsupportedContentTypeFilter.
 2021-05-17 20:30:31,301 TRACE Microsoft.AspNetCore.Mvc.Infrastructure.ControllerActionInvoker.? [?] - MESSAGE: Action Filter: After executing OnActionExecuted on filter Microsoft.AspNetCore.Mvc.ModelBinding.UnsupportedContentTypeFilter.
 2021-05-17 20:30:31,303 TRACE Microsoft.AspNetCore.Mvc.Infrastructure.ControllerActionInvoker.? [?] - MESSAGE: Action Filter: After executing OnActionExecutionAsync on filter Microsoft.AspNetCore.Mvc.Filters.ControllerActionFilter.
 2021-05-17 20:30:31,307 TRACE Microsoft.AspNetCore.Mvc.Infrastructure.ControllerActionInvoker.? [?] - MESSAGE: Before executing action result Microsoft.AspNetCore.Mvc.OkObjectResult.
 2021-05-17 20:30:31,311 DEBUG Microsoft.AspNetCore.Mvc.Infrastructure.DefaultOutputFormatterSelector.? [?] - MESSAGE: List of registered output formatters, in the following order: Microsoft.AspNetCore.Mvc.Formatters.HttpNoContentOutputFormatter, Microsoft.AspNetCore.Mvc.Formatters.StringOutputFormatter, Microsoft.AspNetCore.Mvc.Formatters.StreamOutputFormatter, Microsoft.AspNetCore.Mvc.Formatters.SystemTextJsonOutputFormatter
 2021-05-17 20:30:31,316 DEBUG Microsoft.AspNetCore.Mvc.Infrastructure.DefaultOutputFormatterSelector.? [?] - MESSAGE: No information found on request to perform content negotiation.
 2021-05-17 20:30:31,319 DEBUG Microsoft.AspNetCore.Mvc.Infrastructure.DefaultOutputFormatterSelector.? [?] - MESSAGE: Attempting to select an output formatter without using a content type as no explicit content types were specified for the response.
 2021-05-17 20:30:31,321 DEBUG Microsoft.AspNetCore.Mvc.Infrastructure.DefaultOutputFormatterSelector.? [?] - MESSAGE: Attempting to select the first formatter in the output formatters list which can write the result.
 2021-05-17 20:30:31,325 DEBUG Microsoft.AspNetCore.Mvc.Infrastructure.DefaultOutputFormatterSelector.? [?] - MESSAGE: Selected output formatter 'Microsoft.AspNetCore.Mvc.Formatters.SystemTextJsonOutputFormatter' and content type 'application/json' to write the response.
 2021-05-17 20:30:31,327  INFO Microsoft.AspNetCore.Mvc.Infrastructure.ObjectResultExecutor.? [?] - MESSAGE: Executing ObjectResult, writing value of type 'System.Collections.Generic.Dictionary`2[[System.String, System.Private.CoreLib, Version=4.0.0.0, Culture=neutral, PublicKeyToken=7cec85d7bea7798e],[System.String, System.Private.CoreLib, Version=4.0.0.0, Culture=neutral, PublicKeyToken=7cec85d7bea7798e]]'.
 2021-05-17 20:30:31,333 TRACE Microsoft.AspNetCore.Mvc.Infrastructure.ControllerActionInvoker.? [?] - MESSAGE: After executing action result Microsoft.AspNetCore.Mvc.OkObjectResult.
 2021-05-17 20:30:31,340  INFO Microsoft.AspNetCore.Mvc.Infrastructure.ControllerActionInvoker.? [?] - MESSAGE: Executed action DNSAPI.Controllers.MoviesController.Get (DNSAPI) in 673.1928ms
 2021-05-17 20:30:31,343  INFO Microsoft.AspNetCore.Routing.EndpointMiddleware.? [?] - MESSAGE: Executed endpoint 'DNSAPI.Controllers.MoviesController.Get (DNSAPI)'
 2021-05-17 20:30:31,346  INFO Microsoft.AspNetCore.Hosting.Diagnostics.? [?] - MESSAGE: Request finished in 768.101ms 200 application/json; charset=utf-8
 2021-05-17 21:54:09,554 DEBUG Microsoft.AspNetCore.Hosting.Diagnostics.Starting [0] - MESSAGE: Hosting starting
 2021-05-17 21:54:10,638  INFO Microsoft.AspNetCore.DataProtection.KeyManagement.XmlKeyManager.? [?] - MESSAGE: User profile is available. Using 'C:\Users\ethiraj\AppData\Local\ASP.NET\DataProtection-Keys' as key repository and Windows DPAPI to encrypt keys at rest.
 2021-05-17 21:54:10,655 DEBUG Microsoft.AspNetCore.DataProtection.Repositories.FileSystemXmlRepository.? [?] - MESSAGE: Reading data from file 'C:\Users\ethiraj\AppData\Local\ASP.NET\DataProtection-Keys\key-2f2924a3-6b36-43c8-a0b7-009a8ec249a5.xml'.
 2021-05-17 21:54:10,686 DEBUG Microsoft.AspNetCore.DataProtection.Repositories.FileSystemXmlRepository.? [?] - MESSAGE: Reading data from file 'C:\Users\ethiraj\AppData\Local\ASP.NET\DataProtection-Keys\key-3ab980bc-fa62-4a4d-aa8a-c20d27e187a0.xml'.
 2021-05-17 21:54:10,722 DEBUG Microsoft.AspNetCore.DataProtection.KeyManagement.XmlKeyManager.? [?] - MESSAGE: Found key {2f2924a3-6b36-43c8-a0b7-009a8ec249a5}.
 2021-05-17 21:54:10,738 DEBUG Microsoft.AspNetCore.DataProtection.KeyManagement.XmlKeyManager.? [?] - MESSAGE: Found key {3ab980bc-fa62-4a4d-aa8a-c20d27e187a0}.
 2021-05-17 21:54:10,761 DEBUG Microsoft.AspNetCore.DataProtection.KeyManagement.DefaultKeyResolver.? [?] - MESSAGE: Considering key {2f2924a3-6b36-43c8-a0b7-009a8ec249a5} with expiration date 2021-05-30 10:47:49Z as default key.
 2021-05-17 21:54:10,823 DEBUG Microsoft.AspNetCore.DataProtection.TypeForwardingActivator.CreateInstance [0] - MESSAGE: Forwarded activator type request from Microsoft.AspNetCore.DataProtection.XmlEncryption.DpapiXmlDecryptor, Microsoft.AspNetCore.DataProtection, Version=2.0.0.0, Culture=neutral, PublicKeyToken=adb9793829ddae60 to Microsoft.AspNetCore.DataProtection.XmlEncryption.DpapiXmlDecryptor, Microsoft.AspNetCore.DataProtection, Culture=neutral, PublicKeyToken=adb9793829ddae60
 2021-05-17 21:54:10,835 DEBUG Microsoft.AspNetCore.DataProtection.XmlEncryption.DpapiXmlDecryptor.? [?] - MESSAGE: Decrypting secret element using Windows DPAPI.
 2021-05-17 21:54:10,843 DEBUG Microsoft.AspNetCore.DataProtection.TypeForwardingActivator.CreateInstance [0] - MESSAGE: Forwarded activator type request from Microsoft.AspNetCore.DataProtection.AuthenticatedEncryption.ConfigurationModel.AuthenticatedEncryptorDescriptorDeserializer, Microsoft.AspNetCore.DataProtection, Version=2.0.0.0, Culture=neutral, PublicKeyToken=adb9793829ddae60 to Microsoft.AspNetCore.DataProtection.AuthenticatedEncryption.ConfigurationModel.AuthenticatedEncryptorDescriptorDeserializer, Microsoft.AspNetCore.DataProtection, Culture=neutral, PublicKeyToken=adb9793829ddae60
 2021-05-17 21:54:10,857 DEBUG Microsoft.AspNetCore.DataProtection.AuthenticatedEncryption.CngCbcAuthenticatedEncryptorFactory.? [?] - MESSAGE: Opening CNG algorithm 'AES' from provider '(null)' with chaining mode CBC.
 2021-05-17 21:54:10,868 DEBUG Microsoft.AspNetCore.DataProtection.AuthenticatedEncryption.CngCbcAuthenticatedEncryptorFactory.? [?] - MESSAGE: Opening CNG algorithm 'SHA256' from provider '(null)' with HMAC.
 2021-05-17 21:54:10,881 DEBUG Microsoft.AspNetCore.DataProtection.KeyManagement.KeyRingProvider.? [?] - MESSAGE: Using key {2f2924a3-6b36-43c8-a0b7-009a8ec249a5} as the default key.
 2021-05-17 21:54:10,887 DEBUG Microsoft.AspNetCore.DataProtection.Internal.DataProtectionHostedService.? [?] - MESSAGE: Key ring with default key {2f2924a3-6b36-43c8-a0b7-009a8ec249a5} was loaded during application startup.
 2021-05-17 21:54:10,900 DEBUG Microsoft.AspNetCore.Hosting.Diagnostics.Started [0] - MESSAGE: Hosting started
 2021-05-17 21:54:10,905 DEBUG Microsoft.AspNetCore.Hosting.Diagnostics.MoveNext [0] - MESSAGE: Loaded hosting startup assembly DNSAPI
 2021-05-17 21:54:11,033  INFO Microsoft.AspNetCore.Hosting.Diagnostics.? [?] - MESSAGE: Request starting HTTP/1.1 GET http://localhost:53264/swagger  
 2021-05-17 21:54:11,043 DEBUG Microsoft.AspNetCore.HostFiltering.HostFilteringMiddleware.? [?] - MESSAGE: Wildcard detected, all requests with hosts will be allowed.
 2021-05-17 21:54:11,049 TRACE Microsoft.AspNetCore.HostFiltering.HostFilteringMiddleware.? [?] - MESSAGE: All hosts are allowed.
 2021-05-17 21:54:11,073  WARN Microsoft.AspNetCore.HttpsPolicy.HttpsRedirectionMiddleware.? [?] - MESSAGE: Failed to determine the https port for redirect.
 2021-05-17 21:54:11,148 DEBUG Microsoft.AspNetCore.Routing.Matching.DfaMatcher.? [?] - MESSAGE: No candidates found for the request path '/swagger'
 2021-05-17 21:54:11,154 DEBUG Microsoft.AspNetCore.Routing.EndpointRoutingMiddleware.? [?] - MESSAGE: Request did not match any endpoints
 2021-05-17 21:54:11,238  INFO Microsoft.AspNetCore.Hosting.Diagnostics.? [?] - MESSAGE: Request starting HTTP/1.1 GET http://localhost:53264/swagger/index.html  
 2021-05-17 21:54:11,243 TRACE Microsoft.AspNetCore.HostFiltering.HostFilteringMiddleware.? [?] - MESSAGE: All hosts are allowed.
 2021-05-17 21:54:11,249 DEBUG Microsoft.AspNetCore.Routing.Matching.DfaMatcher.? [?] - MESSAGE: No candidates found for the request path '/swagger/index.html'
 2021-05-17 21:54:11,262 DEBUG Microsoft.AspNetCore.Routing.EndpointRoutingMiddleware.? [?] - MESSAGE: Request did not match any endpoints
 2021-05-17 21:54:11,269  INFO Microsoft.AspNetCore.Hosting.Diagnostics.? [?] - MESSAGE: Request finished in 233.643ms 301 
 2021-05-17 21:54:11,444  INFO Microsoft.AspNetCore.Hosting.Diagnostics.? [?] - MESSAGE: Request finished in 206.455ms 200 text/html;charset=utf-8
 2021-05-17 21:54:11,486  INFO Microsoft.AspNetCore.Hosting.Diagnostics.? [?] - MESSAGE: Request starting HTTP/1.1 GET http://localhost:53264/swagger/swagger-ui.css  
 2021-05-17 21:54:11,492  INFO Microsoft.AspNetCore.Hosting.Diagnostics.? [?] - MESSAGE: Request starting HTTP/1.1 GET http://localhost:53264/swagger/swagger-ui-bundle.js  
 2021-05-17 21:54:11,492  INFO Microsoft.AspNetCore.Hosting.Diagnostics.? [?] - MESSAGE: Request starting HTTP/1.1 GET http://localhost:53264/swagger/swagger-ui-standalone-preset.js  
 2021-05-17 21:54:11,492 TRACE Microsoft.AspNetCore.HostFiltering.HostFilteringMiddleware.? [?] - MESSAGE: All hosts are allowed.
 2021-05-17 21:54:11,503 TRACE Microsoft.AspNetCore.HostFiltering.HostFilteringMiddleware.? [?] - MESSAGE: All hosts are allowed.
 2021-05-17 21:54:11,506 TRACE Microsoft.AspNetCore.HostFiltering.HostFilteringMiddleware.? [?] - MESSAGE: All hosts are allowed.
 2021-05-17 21:54:11,508 DEBUG Microsoft.AspNetCore.Routing.Matching.DfaMatcher.? [?] - MESSAGE: No candidates found for the request path '/swagger/swagger-ui.css'
 2021-05-17 21:54:11,516 DEBUG Microsoft.AspNetCore.Routing.Matching.DfaMatcher.? [?] - MESSAGE: No candidates found for the request path '/swagger/swagger-ui-bundle.js'
 2021-05-17 21:54:11,521 DEBUG Microsoft.AspNetCore.Routing.Matching.DfaMatcher.? [?] - MESSAGE: No candidates found for the request path '/swagger/swagger-ui-standalone-preset.js'
 2021-05-17 21:54:11,524 DEBUG Microsoft.AspNetCore.Routing.EndpointRoutingMiddleware.? [?] - MESSAGE: Request did not match any endpoints
 2021-05-17 21:54:11,534 DEBUG Microsoft.AspNetCore.Routing.EndpointRoutingMiddleware.? [?] - MESSAGE: Request did not match any endpoints
 2021-05-17 21:54:11,535 DEBUG Microsoft.AspNetCore.Routing.EndpointRoutingMiddleware.? [?] - MESSAGE: Request did not match any endpoints
 2021-05-17 21:54:12,024 TRACE Microsoft.AspNetCore.StaticFiles.StaticFileMiddleware.ParseRange [0] - MESSAGE: Range header's value is empty.
 2021-05-17 21:54:12,024 TRACE Microsoft.AspNetCore.StaticFiles.StaticFileMiddleware.ParseRange [0] - MESSAGE: Range header's value is empty.
 2021-05-17 21:54:12,024 TRACE Microsoft.AspNetCore.StaticFiles.StaticFileMiddleware.ParseRange [0] - MESSAGE: Range header's value is empty.
 2021-05-17 21:54:12,245  INFO Microsoft.AspNetCore.StaticFiles.StaticFileMiddleware.? [?] - MESSAGE: Sending file. Request path: '/swagger-ui.css'. Physical path: 'N/A'
 2021-05-17 21:54:12,256  INFO Microsoft.AspNetCore.StaticFiles.StaticFileMiddleware.? [?] - MESSAGE: Sending file. Request path: '/swagger-ui-standalone-preset.js'. Physical path: 'N/A'
 2021-05-17 21:54:12,280  INFO Microsoft.AspNetCore.Hosting.Diagnostics.? [?] - MESSAGE: Request finished in 794.457ms 200 text/css
 2021-05-17 21:54:12,280  INFO Microsoft.AspNetCore.Hosting.Diagnostics.? [?] - MESSAGE: Request finished in 788.386ms 200 application/javascript
 2021-05-17 21:54:12,576  INFO Microsoft.AspNetCore.StaticFiles.StaticFileMiddleware.? [?] - MESSAGE: Sending file. Request path: '/swagger-ui-bundle.js'. Physical path: 'N/A'
 2021-05-17 21:54:12,588  INFO Microsoft.AspNetCore.Hosting.Diagnostics.? [?] - MESSAGE: Request finished in 1095.455ms 200 application/javascript
 2021-05-17 21:54:12,886  INFO Microsoft.AspNetCore.Hosting.Diagnostics.? [?] - MESSAGE: Request starting HTTP/1.1 GET http://localhost:53264/swagger/favicon-32x32.png  
 2021-05-17 21:54:12,886  INFO Microsoft.AspNetCore.Hosting.Diagnostics.? [?] - MESSAGE: Request starting HTTP/1.1 GET http://localhost:53264/swagger/v1/swagger.json  
 2021-05-17 21:54:12,897 TRACE Microsoft.AspNetCore.HostFiltering.HostFilteringMiddleware.? [?] - MESSAGE: All hosts are allowed.
 2021-05-17 21:54:12,899 TRACE Microsoft.AspNetCore.HostFiltering.HostFilteringMiddleware.? [?] - MESSAGE: All hosts are allowed.
 2021-05-17 21:54:12,904 DEBUG Microsoft.AspNetCore.Routing.Matching.DfaMatcher.? [?] - MESSAGE: No candidates found for the request path '/swagger/favicon-32x32.png'
 2021-05-17 21:54:12,907 DEBUG Microsoft.AspNetCore.Routing.Matching.DfaMatcher.? [?] - MESSAGE: No candidates found for the request path '/swagger/v1/swagger.json'
 2021-05-17 21:54:12,913 DEBUG Microsoft.AspNetCore.Routing.EndpointRoutingMiddleware.? [?] - MESSAGE: Request did not match any endpoints
 2021-05-17 21:54:12,916 DEBUG Microsoft.AspNetCore.Routing.EndpointRoutingMiddleware.? [?] - MESSAGE: Request did not match any endpoints
 2021-05-17 21:54:12,927 TRACE Microsoft.AspNetCore.StaticFiles.StaticFileMiddleware.ParseRange [0] - MESSAGE: Range header's value is empty.
 2021-05-17 21:54:12,935  INFO Microsoft.AspNetCore.StaticFiles.StaticFileMiddleware.? [?] - MESSAGE: Sending file. Request path: '/favicon-32x32.png'. Physical path: 'N/A'
 2021-05-17 21:54:12,939  INFO Microsoft.AspNetCore.Hosting.Diagnostics.? [?] - MESSAGE: Request finished in 53.476ms 200 image/png
 2021-05-17 21:54:13,425  INFO Microsoft.AspNetCore.Hosting.Diagnostics.? [?] - MESSAGE: Request finished in 538.4965ms 200 application/json;charset=utf-8
 2021-05-17 21:54:24,169  INFO Microsoft.AspNetCore.Hosting.Diagnostics.? [?] - MESSAGE: Request starting HTTP/1.1 GET http://localhost:53264/api/movies application/json 
 2021-05-17 21:54:24,175 TRACE Microsoft.AspNetCore.HostFiltering.HostFilteringMiddleware.? [?] - MESSAGE: All hosts are allowed.
 2021-05-17 21:54:24,196 DEBUG Microsoft.AspNetCore.Routing.Matching.DfaMatcher.? [?] - MESSAGE: 1 candidate(s) found for the request path '/api/movies'
 2021-05-17 21:54:24,208 DEBUG Microsoft.AspNetCore.Routing.Matching.DfaMatcher.? [?] - MESSAGE: Endpoint 'DNSAPI.Controllers.MoviesController.Get (DNSAPI)' with route pattern 'api/movies' is valid for the request path '/api/movies'
 2021-05-17 21:54:24,215 DEBUG Microsoft.AspNetCore.Routing.EndpointRoutingMiddleware.? [?] - MESSAGE: Request matched endpoint 'DNSAPI.Controllers.MoviesController.Get (DNSAPI)'
 2021-05-17 21:54:24,222  INFO Microsoft.AspNetCore.Routing.EndpointMiddleware.? [?] - MESSAGE: Executing endpoint 'DNSAPI.Controllers.MoviesController.Get (DNSAPI)'
 2021-05-17 21:54:24,258 DEBUG Microsoft.AspNetCore.Mvc.ModelBinding.ModelBinderFactory.? [?] - MESSAGE: Registered model binder providers, in the following order: Microsoft.AspNetCore.Mvc.ModelBinding.Binders.BinderTypeModelBinderProvider, Microsoft.AspNetCore.Mvc.ModelBinding.Binders.ServicesModelBinderProvider, Microsoft.AspNetCore.Mvc.ModelBinding.Binders.BodyModelBinderProvider, Microsoft.AspNetCore.Mvc.ModelBinding.Binders.HeaderModelBinderProvider, Microsoft.AspNetCore.Mvc.ModelBinding.Binders.FloatingPointTypeModelBinderProvider, Microsoft.AspNetCore.Mvc.ModelBinding.Binders.EnumTypeModelBinderProvider, Microsoft.AspNetCore.Mvc.ModelBinding.Binders.SimpleTypeModelBinderProvider, Microsoft.AspNetCore.Mvc.ModelBinding.Binders.CancellationTokenModelBinderProvider, Microsoft.AspNetCore.Mvc.ModelBinding.Binders.ByteArrayModelBinderProvider, Microsoft.AspNetCore.Mvc.ModelBinding.Binders.FormFileModelBinderProvider, Microsoft.AspNetCore.Mvc.ModelBinding.Binders.FormCollectionModelBinderProvider, Microsoft.AspNetCore.Mvc.ModelBinding.Binders.KeyValuePairModelBinderProvider, Microsoft.AspNetCore.Mvc.ModelBinding.Binders.DictionaryModelBinderProvider, Microsoft.AspNetCore.Mvc.ModelBinding.Binders.ArrayModelBinderProvider, Microsoft.AspNetCore.Mvc.ModelBinding.Binders.CollectionModelBinderProvider, Microsoft.AspNetCore.Mvc.ModelBinding.Binders.ComplexTypeModelBinderProvider
 2021-05-17 21:54:25,008  INFO Microsoft.AspNetCore.Mvc.Infrastructure.ControllerActionInvoker.? [?] - MESSAGE: Route matched with {action = "Get", controller = "Movies"}. Executing controller action with signature Microsoft.AspNetCore.Mvc.IActionResult Get() on controller DNSAPI.Controllers.MoviesController (DNSAPI).
 2021-05-17 21:54:25,019 DEBUG Microsoft.AspNetCore.Mvc.Infrastructure.ControllerActionInvoker.? [?] - MESSAGE: Execution plan of authorization filters (in the following order): None
 2021-05-17 21:54:25,026 DEBUG Microsoft.AspNetCore.Mvc.Infrastructure.ControllerActionInvoker.? [?] - MESSAGE: Execution plan of resource filters (in the following order): None
 2021-05-17 21:54:25,034 DEBUG Microsoft.AspNetCore.Mvc.Infrastructure.ControllerActionInvoker.? [?] - MESSAGE: Execution plan of action filters (in the following order): Microsoft.AspNetCore.Mvc.Filters.ControllerActionFilter (Order: -2147483648), Microsoft.AspNetCore.Mvc.ModelBinding.UnsupportedContentTypeFilter (Order: -3000)
 2021-05-17 21:54:25,041 DEBUG Microsoft.AspNetCore.Mvc.Infrastructure.ControllerActionInvoker.? [?] - MESSAGE: Execution plan of exception filters (in the following order): None
 2021-05-17 21:54:25,049 DEBUG Microsoft.AspNetCore.Mvc.Infrastructure.ControllerActionInvoker.? [?] - MESSAGE: Execution plan of result filters (in the following order): None
 2021-05-17 21:54:25,059 DEBUG Microsoft.AspNetCore.Mvc.Infrastructure.ControllerActionInvoker.? [?] - MESSAGE: Executing controller factory for controller DNSAPI.Controllers.MoviesController (DNSAPI)
 2021-05-17 21:54:25,534 DEBUG Microsoft.AspNetCore.Mvc.Infrastructure.ControllerActionInvoker.? [?] - MESSAGE: Executed controller factory for controller DNSAPI.Controllers.MoviesController (DNSAPI)
 2021-05-17 21:54:25,542 TRACE Microsoft.AspNetCore.Mvc.Infrastructure.ControllerActionInvoker.? [?] - MESSAGE: Action Filter: Before executing OnActionExecutionAsync on filter Microsoft.AspNetCore.Mvc.Filters.ControllerActionFilter.
 2021-05-17 21:54:25,855 TRACE Microsoft.AspNetCore.Mvc.Infrastructure.ControllerActionInvoker.? [?] - MESSAGE: Action Filter: Before executing OnActionExecuting on filter Microsoft.AspNetCore.Mvc.ModelBinding.UnsupportedContentTypeFilter.
 2021-05-17 21:54:26,651 TRACE Microsoft.AspNetCore.Mvc.Infrastructure.ControllerActionInvoker.? [?] - MESSAGE: Action Filter: After executing OnActionExecuting on filter Microsoft.AspNetCore.Mvc.ModelBinding.UnsupportedContentTypeFilter.
 2021-05-17 21:54:27,070  INFO Microsoft.AspNetCore.Mvc.Infrastructure.ControllerActionInvoker.? [?] - MESSAGE: Executing action method DNSAPI.Controllers.MoviesController.Get (DNSAPI) - Validation state: Valid
 2021-05-17 21:54:27,092  INFO Microsoft.AspNetCore.Mvc.Infrastructure.ControllerActionInvoker.? [?] - MESSAGE: Executed action method DNSAPI.Controllers.MoviesController.Get (DNSAPI), returned result Microsoft.AspNetCore.Mvc.OkObjectResult in 9.2796ms.
 2021-05-17 21:54:27,099 TRACE Microsoft.AspNetCore.Mvc.Infrastructure.ControllerActionInvoker.? [?] - MESSAGE: Action Filter: Before executing OnActionExecuted on filter Microsoft.AspNetCore.Mvc.ModelBinding.UnsupportedContentTypeFilter.
 2021-05-17 21:54:27,106 TRACE Microsoft.AspNetCore.Mvc.Infrastructure.ControllerActionInvoker.? [?] - MESSAGE: Action Filter: After executing OnActionExecuted on filter Microsoft.AspNetCore.Mvc.ModelBinding.UnsupportedContentTypeFilter.
 2021-05-17 21:54:27,112 TRACE Microsoft.AspNetCore.Mvc.Infrastructure.ControllerActionInvoker.? [?] - MESSAGE: Action Filter: After executing OnActionExecutionAsync on filter Microsoft.AspNetCore.Mvc.Filters.ControllerActionFilter.
 2021-05-17 21:54:27,121 TRACE Microsoft.AspNetCore.Mvc.Infrastructure.ControllerActionInvoker.? [?] - MESSAGE: Before executing action result Microsoft.AspNetCore.Mvc.OkObjectResult.
 2021-05-17 21:54:27,131 DEBUG Microsoft.AspNetCore.Mvc.Infrastructure.DefaultOutputFormatterSelector.? [?] - MESSAGE: List of registered output formatters, in the following order: Microsoft.AspNetCore.Mvc.Formatters.HttpNoContentOutputFormatter, Microsoft.AspNetCore.Mvc.Formatters.StringOutputFormatter, Microsoft.AspNetCore.Mvc.Formatters.StreamOutputFormatter, Microsoft.AspNetCore.Mvc.Formatters.SystemTextJsonOutputFormatter
 2021-05-17 21:54:27,141 DEBUG Microsoft.AspNetCore.Mvc.Infrastructure.DefaultOutputFormatterSelector.? [?] - MESSAGE: No information found on request to perform content negotiation.
 2021-05-17 21:54:27,147 DEBUG Microsoft.AspNetCore.Mvc.Infrastructure.DefaultOutputFormatterSelector.? [?] - MESSAGE: Attempting to select an output formatter without using a content type as no explicit content types were specified for the response.
 2021-05-17 21:54:27,154 DEBUG Microsoft.AspNetCore.Mvc.Infrastructure.DefaultOutputFormatterSelector.? [?] - MESSAGE: Attempting to select the first formatter in the output formatters list which can write the result.
 2021-05-17 21:54:27,162 DEBUG Microsoft.AspNetCore.Mvc.Infrastructure.DefaultOutputFormatterSelector.? [?] - MESSAGE: Selected output formatter 'Microsoft.AspNetCore.Mvc.Formatters.SystemTextJsonOutputFormatter' and content type 'application/json' to write the response.
 2021-05-17 21:54:27,168  INFO Microsoft.AspNetCore.Mvc.Infrastructure.ObjectResultExecutor.? [?] - MESSAGE: Executing ObjectResult, writing value of type 'System.Collections.Generic.Dictionary`2[[System.String, System.Private.CoreLib, Version=4.0.0.0, Culture=neutral, PublicKeyToken=7cec85d7bea7798e],[System.String, System.Private.CoreLib, Version=4.0.0.0, Culture=neutral, PublicKeyToken=7cec85d7bea7798e]]'.
 2021-05-17 21:54:27,364 TRACE Microsoft.AspNetCore.Mvc.Infrastructure.ControllerActionInvoker.? [?] - MESSAGE: After executing action result Microsoft.AspNetCore.Mvc.OkObjectResult.
 2021-05-17 21:54:27,396  INFO Microsoft.AspNetCore.Mvc.Infrastructure.ControllerActionInvoker.? [?] - MESSAGE: Executed action DNSAPI.Controllers.MoviesController.Get (DNSAPI) in 2321.4637ms
 2021-05-17 21:54:27,436  INFO Microsoft.AspNetCore.Routing.EndpointMiddleware.? [?] - MESSAGE: Executed endpoint 'DNSAPI.Controllers.MoviesController.Get (DNSAPI)'
 2021-05-17 21:54:27,442  INFO Microsoft.AspNetCore.Hosting.Diagnostics.? [?] - MESSAGE: Request finished in 3273.5118ms 200 application/json; charset=utf-8
 